2025-11-07 14:31:31,653 - INFO - Logging system initialized
2025-11-07 14:31:31,653 - INFO - === PyQuest Monster Game Startup ===
2025-11-07 14:31:31,654 - INFO - Python version: 3.13.9 (tags/v3.13.9:8183fa5, Oct 14 2025, 14:09:13) [MSC v.1944 64 bit (AMD64)]
2025-11-07 14:31:31,654 - INFO - Working directory: C:\Users\awalk\Documents\Source\monster-game
2025-11-07 14:31:31,654 - INFO - Checking: Python version compatibility
2025-11-07 14:31:31,654 - INFO - Python version check passed: 3.13
2025-11-07 14:31:31,654 - INFO - Checking: Required dependencies
2025-11-07 14:31:31,660 - INFO - Module 'tkinter' found
2025-11-07 14:31:31,662 - INFO - Module 'PIL' found
2025-11-07 14:31:31,718 - INFO - Module 'pygame' found
2025-11-07 14:31:31,725 - INFO - Module 'yaml' found
2025-11-07 14:31:31,725 - INFO - All dependencies found
2025-11-07 14:31:31,726 - INFO - Checking: Game files and directories
2025-11-07 14:31:31,726 - INFO - Working directory check passed: C:\Users\awalk\Documents\Source\monster-game
2025-11-07 14:31:31,726 - INFO - Checking: GUI module import
2025-11-07 14:31:31,755 - INFO - gui_main module imported successfully
2025-11-07 14:31:31,755 - INFO - All startup checks passed - initializing game
2025-11-07 14:31:31,755 - INFO - Creating main window...
2025-11-07 14:31:31,794 - INFO - Initializing game GUI...
2025-11-07 14:31:31,796 - INFO - Starting main loop...
2025-11-07 14:33:48,345 - INFO - Game session completed normally
2025-11-07 14:33:48,345 - INFO - === PyQuest Monster Game Shutdown ===
