2025-11-07 14:27:33,614 - INFO - Logging system initialized
2025-11-07 14:27:33,614 - INFO - === PyQuest Monster Game Startup ===
2025-11-07 14:27:33,614 - INFO - Python version: 3.13.9 (tags/v3.13.9:8183fa5, Oct 14 2025, 14:09:13) [MSC v.1944 64 bit (AMD64)]
2025-11-07 14:27:33,614 - INFO - Working directory: C:\Users\awalk\Documents\Source\monster-game
2025-11-07 14:27:33,614 - INFO - Checking: Python version compatibility
2025-11-07 14:27:33,614 - INFO - Python version check passed: 3.13
2025-11-07 14:27:33,614 - INFO - Checking: Required dependencies
2025-11-07 14:27:33,620 - INFO - Module 'tkinter' found
2025-11-07 14:27:33,621 - INFO - Module 'PIL' found
2025-11-07 14:27:33,677 - INFO - Module 'pygame' found
2025-11-07 14:27:33,685 - INFO - Module 'yaml' found
2025-11-07 14:27:33,685 - INFO - All dependencies found
2025-11-07 14:27:33,685 - INFO - Checking: Game files and directories
2025-11-07 14:27:33,685 - INFO - Working directory check passed: C:\Users\awalk\Documents\Source\monster-game
2025-11-07 14:27:33,685 - INFO - Checking: GUI module import
2025-11-07 14:27:33,709 - INFO - gui_main module imported successfully
2025-11-07 14:27:33,709 - INFO - All startup checks passed - initializing game
2025-11-07 14:27:33,709 - INFO - Creating main window...
2025-11-07 14:27:33,751 - INFO - Initializing game GUI...
2025-11-07 14:27:33,752 - INFO - Starting main loop...
2025-11-07 14:29:44,169 - INFO - Game session completed normally
2025-11-07 14:29:44,169 - INFO - === PyQuest Monster Game Shutdown ===
