2025-11-07 14:21:27,618 - INFO - Logging system initialized
2025-11-07 14:21:27,618 - INFO - === PyQuest Monster Game Startup ===
2025-11-07 14:21:27,618 - INFO - Python version: 3.13.9 (tags/v3.13.9:8183fa5, Oct 14 2025, 14:09:13) [MSC v.1944 64 bit (AMD64)]
2025-11-07 14:21:27,619 - INFO - Working directory: C:\Users\awalk\Documents\Source\monster-game
2025-11-07 14:21:27,619 - INFO - Checking: Python version compatibility
2025-11-07 14:21:27,619 - INFO - Python version check passed: 3.13
2025-11-07 14:21:27,619 - INFO - Checking: Required dependencies
2025-11-07 14:21:27,625 - INFO - Module 'tkinter' found
2025-11-07 14:21:27,626 - INFO - Module 'PIL' found
2025-11-07 14:21:27,678 - INFO - Module 'pygame' found
2025-11-07 14:21:27,686 - INFO - Module 'yaml' found
2025-11-07 14:21:27,686 - INFO - All dependencies found
2025-11-07 14:21:27,686 - INFO - Checking: Game files and directories
2025-11-07 14:21:27,686 - INFO - Working directory check passed: C:\Users\awalk\Documents\Source\monster-game
2025-11-07 14:21:27,686 - INFO - Checking: GUI module import
2025-11-07 14:21:27,710 - INFO - gui_main module imported successfully
2025-11-07 14:21:27,711 - INFO - All startup checks passed - initializing game
2025-11-07 14:21:27,711 - INFO - Creating main window...
2025-11-07 14:21:27,746 - INFO - Initializing game GUI...
2025-11-07 14:21:27,748 - INFO - Starting main loop...
2025-11-07 14:22:11,608 - INFO - Game session completed normally
2025-11-07 14:22:11,608 - INFO - === PyQuest Monster Game Shutdown ===
