2025-11-07 14:06:27,699 - INFO - Logging system initialized
2025-11-07 14:06:27,699 - INFO - === PyQuest Monster Game Startup ===
2025-11-07 14:06:27,700 - INFO - Python version: 3.13.9 (tags/v3.13.9:8183fa5, Oct 14 2025, 14:09:13) [MSC v.1944 64 bit (AMD64)]
2025-11-07 14:06:27,700 - INFO - Working directory: C:\Users\awalk\Documents\Source\monster-game
2025-11-07 14:06:27,700 - INFO - Checking: Python version compatibility
2025-11-07 14:06:27,700 - INFO - Python version check passed: 3.13
2025-11-07 14:06:27,700 - INFO - Checking: Required dependencies
2025-11-07 14:06:27,707 - INFO - Module 'tkinter' found
2025-11-07 14:06:27,708 - INFO - Module 'PIL' found
2025-11-07 14:06:27,770 - INFO - Module 'pygame' found
2025-11-07 14:06:27,779 - INFO - Module 'yaml' found
2025-11-07 14:06:27,779 - INFO - All dependencies found
2025-11-07 14:06:27,779 - INFO - Checking: Game files and directories
2025-11-07 14:06:27,779 - INFO - Working directory check passed: C:\Users\awalk\Documents\Source\monster-game
2025-11-07 14:06:27,779 - INFO - Checking: GUI module import
2025-11-07 14:06:27,808 - INFO - gui_main module imported successfully
2025-11-07 14:06:27,809 - INFO - All startup checks passed - initializing game
2025-11-07 14:06:27,809 - INFO - Creating main window...
2025-11-07 14:06:27,843 - INFO - Initializing game GUI...
2025-11-07 14:06:27,845 - INFO - Starting main loop...
2025-11-07 14:16:07,275 - INFO - Game interrupted by user (Ctrl+C)
2025-11-07 14:16:07,275 - INFO - === PyQuest Monster Game Shutdown ===
